app/build/intermediates/manifest_merge_blame_file/debug/processDebugMainManifest/manifest-merger-blame-debug-report.txt
1<?xml version="1.0" encoding="utf-8"?>
2<manifest xmlns:android="http://schemas.android.com/apk/res/android"
3    package="com.example.ifauto"
4    android:versionCode="1"
5    android:versionName="1.0" >
6
7    <uses-sdk
8        android:minSdkVersion="29"
9        android:targetSdkVersion="34" />
10
11    <uses-permission android:name="android.permission.INTERNET" />
11-->src/main/AndroidManifest.xml:5:5-67
11-->src/main/AndroidManifest.xml:5:22-64
12    <uses-permission android:name="android.permission.RECORD_AUDIO" />
12-->src/main/AndroidManifest.xml:6:5-71
12-->src/main/AndroidManifest.xml:6:22-68
13
14    <queries>
14-->[androidx.car.app:app:1.4.0] AndroidManifest.xml:23:5-28:15
15        <provider
15-->[androidx.car.app:app:1.4.0] AndroidManifest.xml:24:9-27:43
16            android:name="androidx.car.app.connection.provider"
16-->[androidx.car.app:app:1.4.0] AndroidManifest.xml:25:13-64
17            android:authorities="androidx.car.app.connection" />
17-->[androidx.car.app:app:1.4.0] AndroidManifest.xml:26:13-62
18    </queries>
19
20    <permission
20-->[androidx.core:core:1.12.0] AndroidManifest.xml:22:5-24:47
21        android:name="com.example.ifauto.DYNAMIC_RECEIVER_NOT_EXPORTED_PERMISSION"
21-->[androidx.core:core:1.12.0] AndroidManifest.xml:23:9-81
22        android:protectionLevel="signature" />
22-->[androidx.core:core:1.12.0] AndroidManifest.xml:24:9-44
23
24    <uses-permission android:name="com.example.ifauto.DYNAMIC_RECEIVER_NOT_EXPORTED_PERMISSION" />
24-->[androidx.core:core:1.12.0] AndroidManifest.xml:26:5-97
24-->[androidx.core:core:1.12.0] AndroidManifest.xml:26:22-94
25
26    <application
26-->src/main/AndroidManifest.xml:8:5-60:19
27        android:allowBackup="true"
27-->src/main/AndroidManifest.xml:9:9-35
28        android:appComponentFactory="androidx.core.app.CoreComponentFactory"
28-->[androidx.core:core:1.12.0] AndroidManifest.xml:28:18-86
29        android:dataExtractionRules="@xml/data_extraction_rules"
29-->src/main/AndroidManifest.xml:10:9-65
30        android:debuggable="true"
31        android:extractNativeLibs="false"
32        android:fullBackupContent="@xml/backup_rules"
32-->src/main/AndroidManifest.xml:11:9-54
33        android:icon="@mipmap/ic_launcher"
33-->src/main/AndroidManifest.xml:12:9-43
34        android:label="@string/app_name"
34-->src/main/AndroidManifest.xml:13:9-41
35        android:roundIcon="@mipmap/ic_launcher_round"
35-->src/main/AndroidManifest.xml:14:9-54
36        android:supportsRtl="true"
36-->src/main/AndroidManifest.xml:15:9-35
37        android:theme="@style/Theme.InteractiveFictionAuto" >
37-->src/main/AndroidManifest.xml:16:9-60
38
39        <!-- Main Service for Android Auto -->
40        <service
40-->src/main/AndroidManifest.xml:20:9-31:19
41            android:name="com.example.ifauto.MyCarAppService"
41-->src/main/AndroidManifest.xml:21:13-44
42            android:exported="true" >
42-->src/main/AndroidManifest.xml:22:13-36
43            <intent-filter>
43-->src/main/AndroidManifest.xml:23:13-26:29
44                <action android:name="androidx.car.app.CarAppService" />
44-->src/main/AndroidManifest.xml:24:17-73
44-->src/main/AndroidManifest.xml:24:25-70
45
46                <category android:name="androidx.car.app.category.NAVIGATION" />
46-->src/main/AndroidManifest.xml:25:17-81
46-->src/main/AndroidManifest.xml:25:27-78
47            </intent-filter>
48            <!-- Points to the automotive descriptor for template support -->
49            <meta-data
49-->src/main/AndroidManifest.xml:28:13-30:63
50                android:name="com.google.android.gms.car.application"
50-->src/main/AndroidManifest.xml:29:17-70
51                android:resource="@xml/automotive_app_desc" />
51-->src/main/AndroidManifest.xml:30:17-60
52        </service>
53
54        <!-- Main Activity for phone -->
55        <activity
55-->src/main/AndroidManifest.xml:34:9-41:20
56            android:name="com.example.ifauto.MainActivity"
56-->src/main/AndroidManifest.xml:35:13-41
57            android:exported="true" >
57-->src/main/AndroidManifest.xml:36:13-36
58            <intent-filter>
58-->src/main/AndroidManifest.xml:37:13-40:29
59                <action android:name="android.intent.action.MAIN" />
59-->src/main/AndroidManifest.xml:38:17-69
59-->src/main/AndroidManifest.xml:38:25-66
60
61                <category android:name="android.intent.category.LAUNCHER" />
61-->src/main/AndroidManifest.xml:39:17-77
61-->src/main/AndroidManifest.xml:39:27-74
62            </intent-filter>
63        </activity>
64
65        <!-- Activity needed for car connection -->
66        <activity
66-->src/main/AndroidManifest.xml:44:9-54:20
67            android:name="androidx.car.app.activity.CarAppActivity"
67-->src/main/AndroidManifest.xml:45:13-68
68            android:exported="true"
68-->src/main/AndroidManifest.xml:46:13-36
69            android:theme="@style/Theme.InteractiveFictionAuto" >
69-->src/main/AndroidManifest.xml:47:13-64
70            <meta-data
70-->src/main/AndroidManifest.xml:48:13-50:70
71                android:name="androidx.car.app.CAR_APP_SERVICE"
71-->src/main/AndroidManifest.xml:49:17-64
72                android:value="com.example.ifauto.MyCarAppService" />
72-->src/main/AndroidManifest.xml:50:17-67
73            <meta-data
73-->src/main/AndroidManifest.xml:51:13-53:39
74                android:name="androidx.car.app.distractionOptimized"
74-->src/main/AndroidManifest.xml:52:17-69
75                android:value="true" />
75-->src/main/AndroidManifest.xml:53:17-37
76        </activity>
77
78        <meta-data
78-->src/main/AndroidManifest.xml:56:9-58:32
79            android:name="androidx.car.app.minCarApiLevel"
79-->src/main/AndroidManifest.xml:57:13-59
80            android:value="1" />
80-->src/main/AndroidManifest.xml:58:13-30
81
82        <service
82-->[androidx.car.app:app-projected:1.4.0] AndroidManifest.xml:24:9-34:19
83            android:name="androidx.car.app.CarAppMetadataHolderService"
83-->[androidx.car.app:app-projected:1.4.0] AndroidManifest.xml:25:13-72
84            android:enabled="false"
84-->[androidx.car.app:app-projected:1.4.0] AndroidManifest.xml:26:13-36
85            android:exported="false"
85-->[androidx.car.app:app-projected:1.4.0] AndroidManifest.xml:27:13-37
86            android:process="" >
86-->[androidx.car.app:app-projected:1.4.0] AndroidManifest.xml:28:13-31
87            <meta-data
87-->[androidx.car.app:app-projected:1.4.0] AndroidManifest.xml:31:13-33:89
88                android:name="androidx.car.app.CarAppMetadataHolderService.CAR_HARDWARE_MANAGER"
88-->[androidx.car.app:app-projected:1.4.0] AndroidManifest.xml:32:17-97
89                android:value="androidx.car.app.hardware.ProjectedCarHardwareManager" />
89-->[androidx.car.app:app-projected:1.4.0] AndroidManifest.xml:33:17-86
90        </service>
91
92        <activity
92-->[androidx.car.app:app:1.4.0] AndroidManifest.xml:31:9-34:75
93            android:name="androidx.car.app.CarAppPermissionActivity"
93-->[androidx.car.app:app:1.4.0] AndroidManifest.xml:32:13-69
94            android:exported="false"
94-->[androidx.car.app:app:1.4.0] AndroidManifest.xml:33:13-37
95            android:theme="@android:style/Theme.Translucent.NoTitleBar" />
95-->[androidx.car.app:app:1.4.0] AndroidManifest.xml:34:13-72
96
97        <receiver
97-->[androidx.car.app:app:1.4.0] AndroidManifest.xml:36:9-38:40
98            android:name="androidx.car.app.notification.CarAppNotificationBroadcastReceiver"
98-->[androidx.car.app:app:1.4.0] AndroidManifest.xml:37:13-93
99            android:exported="false" />
99-->[androidx.car.app:app:1.4.0] AndroidManifest.xml:38:13-37
100
101        <provider
101-->[androidx.emoji2:emoji2:1.2.0] AndroidManifest.xml:24:9-32:20
102            android:name="androidx.startup.InitializationProvider"
102-->[androidx.emoji2:emoji2:1.2.0] AndroidManifest.xml:25:13-67
103            android:authorities="com.example.ifauto.androidx-startup"
103-->[androidx.emoji2:emoji2:1.2.0] AndroidManifest.xml:26:13-68
104            android:exported="false" >
104-->[androidx.emoji2:emoji2:1.2.0] AndroidManifest.xml:27:13-37
105            <meta-data
105-->[androidx.emoji2:emoji2:1.2.0] AndroidManifest.xml:29:13-31:52
106                android:name="androidx.emoji2.text.EmojiCompatInitializer"
106-->[androidx.emoji2:emoji2:1.2.0] AndroidManifest.xml:30:17-75
107                android:value="androidx.startup" />
107-->[androidx.emoji2:emoji2:1.2.0] AndroidManifest.xml:31:17-49
108            <meta-data
108-->[androidx.lifecycle:lifecycle-process:2.6.1] AndroidManifest.xml:29:13-31:52
109                android:name="androidx.lifecycle.ProcessLifecycleInitializer"
109-->[androidx.lifecycle:lifecycle-process:2.6.1] AndroidManifest.xml:30:17-78
110                android:value="androidx.startup" />
110-->[androidx.lifecycle:lifecycle-process:2.6.1] AndroidManifest.xml:31:17-49
111            <meta-data
111-->[androidx.profileinstaller:profileinstaller:1.3.0] AndroidManifest.xml:29:13-31:52
112                android:name="androidx.profileinstaller.ProfileInstallerInitializer"
112-->[androidx.profileinstaller:profileinstaller:1.3.0] AndroidManifest.xml:30:17-85
113                android:value="androidx.startup" />
113-->[androidx.profileinstaller:profileinstaller:1.3.0] AndroidManifest.xml:31:17-49
114        </provider>
115
116        <receiver
116-->[androidx.profileinstaller:profileinstaller:1.3.0] AndroidManifest.xml:34:9-52:20
117            android:name="androidx.profileinstaller.ProfileInstallReceiver"
117-->[androidx.profileinstaller:profileinstaller:1.3.0] AndroidManifest.xml:35:13-76
118            android:directBootAware="false"
118-->[androidx.profileinstaller:profileinstaller:1.3.0] AndroidManifest.xml:36:13-44
119            android:enabled="true"
119-->[androidx.profileinstaller:profileinstaller:1.3.0] AndroidManifest.xml:37:13-35
120            android:exported="true"
120-->[androidx.profileinstaller:profileinstaller:1.3.0] AndroidManifest.xml:38:13-36
121            android:permission="android.permission.DUMP" >
121-->[androidx.profileinstaller:profileinstaller:1.3.0] AndroidManifest.xml:39:13-57
122            <intent-filter>
122-->[androidx.profileinstaller:profileinstaller:1.3.0] AndroidManifest.xml:40:13-42:29
123                <action android:name="androidx.profileinstaller.action.INSTALL_PROFILE" />
123-->[androidx.profileinstaller:profileinstaller:1.3.0] AndroidManifest.xml:41:17-91
123-->[androidx.profileinstaller:profileinstaller:1.3.0] AndroidManifest.xml:41:25-88
124            </intent-filter>
125            <intent-filter>
125-->[androidx.profileinstaller:profileinstaller:1.3.0] AndroidManifest.xml:43:13-45:29
126                <action android:name="androidx.profileinstaller.action.SKIP_FILE" />
126-->[androidx.profileinstaller:profileinstaller:1.3.0] AndroidManifest.xml:44:17-85
126-->[androidx.profileinstaller:profileinstaller:1.3.0] AndroidManifest.xml:44:25-82
127            </intent-filter>
128            <intent-filter>
128-->[androidx.profileinstaller:profileinstaller:1.3.0] AndroidManifest.xml:46:13-48:29
129                <action android:name="androidx.profileinstaller.action.SAVE_PROFILE" />
129-->[androidx.profileinstaller:profileinstaller:1.3.0] AndroidManifest.xml:47:17-88
129-->[androidx.profileinstaller:profileinstaller:1.3.0] AndroidManifest.xml:47:25-85
130            </intent-filter>
131            <intent-filter>
131-->[androidx.profileinstaller:profileinstaller:1.3.0] AndroidManifest.xml:49:13-51:29
132                <action android:name="androidx.profileinstaller.action.BENCHMARK_OPERATION" />
132-->[androidx.profileinstaller:profileinstaller:1.3.0] AndroidManifest.xml:50:17-95
132-->[androidx.profileinstaller:profileinstaller:1.3.0] AndroidManifest.xml:50:25-92
133            </intent-filter>
134        </receiver>
135    </application>
136
137</manifest>